<?xml version="1.0" encoding="UTF-8"?>
<!-- Generated by org.testng.reporters.JUnitReportReporter -->
<testsuite hostname="DESKTOP-9QSEPRP" failures="0" tests="6" name="runners.TestRunner" time="23.615" errors="0" timestamp="2024-07-03T01:58:12 EET" skipped="0">
  <testcase classname="runners.TestRunner" name="runScenario" time="3.029"/>
  <system-out/>
  <testcase classname="runners.TestRunner" name="runScenario" time="3.317"/>
  <system-out/>
  <testcase classname="runners.TestRunner" name="runScenario" time="4.164"/>
  <system-out/>
  <testcase classname="runners.TestRunner" name="runScenario" time="4.144"/>
  <system-out/>
  <testcase classname="runners.TestRunner" name="runScenario" time="2.610"/>
  <system-out/>
  <testcase classname="runners.TestRunner" name="runScenario" time="6.351"/>
  <system-out/>
</testsuite> <!-- runners.TestRunner -->
