<?xml version="1.0" encoding="UTF-8"?>
<!-- Generated by org.testng.reporters.JUnitReportReporter -->
<testsuite hostname="DESKTOP-9QSEPRP" failures="0" tests="6" name="runners.TestRunner" time="10.372" errors="0" timestamp="2025-03-23T13:45:09 EET" skipped="0">
  <testcase classname="runners.TestRunner" name="runScenario" time="1.741"/>
  <system-out/>
  <testcase classname="runners.TestRunner" name="runScenario" time="1.500"/>
  <system-out/>
  <testcase classname="runners.TestRunner" name="runScenario" time="1.518"/>
  <system-out/>
  <testcase classname="runners.TestRunner" name="runScenario" time="2.671"/>
  <system-out/>
  <testcase classname="runners.TestRunner" name="runScenario" time="1.528"/>
  <system-out/>
  <testcase classname="runners.TestRunner" name="runScenario" time="1.414"/>
  <system-out/>
</testsuite> <!-- runners.TestRunner -->
