<?xml version="1.0" encoding="UTF-8"?>
<!-- Generated by org.testng.reporters.JUnitReportReporter -->
<testsuite hostname="DESKTOP-9QSEPRP" failures="0" tests="1" name="testCases.tests.FullPurchaseScenarioTest" time="2.526" errors="0" timestamp="2025-03-23T13:45:09 EET" skipped="0">
  <testcase classname="testCases.tests.FullPurchaseScenarioTest" name="testFullPurchaseScenario" time="2.526"/>
  <system-out/>
</testsuite> <!-- testCases.tests.FullPurchaseScenarioTest -->
