<?xml version="1.0" encoding="UTF-8"?>
<!-- Generated by org.testng.reporters.JUnitReportReporter -->
<testsuite hostname="DESKTOP-9QSEPRP" failures="0" tests="6" name="testCases.tests.LoginPageTest" time="17.827" errors="0" timestamp="2024-07-03T01:58:12 EET" skipped="0">
  <testcase classname="testCases.tests.LoginPageTest" name="loginWithUsernameAndWithoutPassword" time="2.651"/>
  <system-out/>
  <testcase classname="testCases.tests.LoginPageTest" name="loginWithValidUsernameInvalidPassword" time="2.817"/>
  <system-out/>
  <testcase classname="testCases.tests.LoginPageTest" name="loginWithoutUsernameOrPassword" time="2.875"/>
  <system-out/>
  <testcase classname="testCases.tests.LoginPageTest" name="loginWithInvalidUsernameInvalidPassword" time="4.452"/>
  <system-out/>
  <testcase classname="testCases.tests.LoginPageTest" name="loginWithInvalidUsernameValidPassword" time="2.518"/>
  <system-out/>
  <testcase classname="testCases.tests.LoginPageTest" name="loginWithValidCredentials" time="2.514"/>
  <system-out/>
</testsuite> <!-- testCases.tests.LoginPageTest -->
