<?xml version="1.0" encoding="UTF-8"?>
<!-- Generated by org.testng.reporters.JUnitReportReporter -->
<testsuite hostname="DESKTOP-9QSEPRP" failures="0" tests="1" name="testCases.tests.FullPurchaseScenarioTest" time="4.631" errors="0" timestamp="2024-07-03T01:58:12 EET" skipped="0">
  <testcase classname="testCases.tests.FullPurchaseScenarioTest" name="testFullPurchaseScenario" time="4.631"/>
  <system-out/>
</testsuite> <!-- testCases.tests.FullPurchaseScenarioTest -->
