<?xml version="1.0" encoding="UTF-8"?>
<!-- Generated by org.testng.reporters.JUnitReportReporter -->
<testsuite hostname="DESKTOP-9QSEPRP" failures="0" tests="6" name="testCases.tests.LoginPageTest" time="9.462" errors="0" timestamp="2025-03-23T13:45:09 EET" skipped="0">
  <testcase classname="testCases.tests.LoginPageTest" name="loginWithInvalidUsernameInvalidPassword" time="1.708"/>
  <system-out/>
  <testcase classname="testCases.tests.LoginPageTest" name="loginWithUsernameAndWithoutPassword" time="1.509"/>
  <system-out/>
  <testcase classname="testCases.tests.LoginPageTest" name="loginWithInvalidUsernameValidPassword" time="1.744"/>
  <system-out/>
  <testcase classname="testCases.tests.LoginPageTest" name="loginWithValidCredentials" time="1.512"/>
  <system-out/>
  <testcase classname="testCases.tests.LoginPageTest" name="loginWithValidUsernameInvalidPassword" time="1.532"/>
  <system-out/>
  <testcase classname="testCases.tests.LoginPageTest" name="loginWithoutUsernameOrPassword" time="1.457"/>
  <system-out/>
</testsuite> <!-- testCases.tests.LoginPageTest -->
